<?xml version="1.0" encoding="UTF-8"?>
<!-- Generated by org.testng.reporters.JUnitXMLReporter -->
<testsuite ignored="0" hostname="GDT-NOC-LTP14" failures="0" tests="0" time="605.58" errors="0" timestamp="2022-12-02T17:30:34 IST">
  <testcase classname="Runners.RunCucumberIT" name="null" time="0.002">
    <failure type="java.lang.RuntimeException" message="java.net.UnknownHostException: messages.cucumber.io">
      <![CDATA[java.lang.RuntimeException: java.net.UnknownHostException: messages.cucumber.io
at io.cucumber.core.plugin.MessageFormatter.writeMessage(MessageFormatter.java:36)
at io.cucumber.core.eventbus.AbstractEventPublisher.send(AbstractEventPublisher.java:51)
at io.cucumber.core.eventbus.AbstractEventBus.send(AbstractEventBus.java:12)
at io.cucumber.core.runtime.CucumberExecutionContext.emitTestRunFinished(CucumberExecutionContext.java:102)
at io.cucumber.core.runtime.CucumberExecutionContext.finishTestRun(CucumberExecutionContext.java:74)
at io.cucumber.junit.Cucumber$RunCucumber.evaluate(Cucumber.java:236)
at org.junit.runners.ParentRunner$3.evaluate(ParentRunner.java:306)
at org.junit.runners.ParentRunner.run(ParentRunner.java:413)
at org.junit.runner.JUnitCore.run(JUnitCore.java:137)
at org.junit.runner.JUnitCore.run(JUnitCore.java:115)
at java.base/java.util.ArrayList.forEach(ArrayList.java:1511)
Caused by: java.net.UnknownHostException: messages.cucumber.io
at java.base/sun.net.www.protocol.http.HttpURLConnection$10.run(HttpURLConnection.java:1982)
at java.base/sun.net.www.protocol.http.HttpURLConnection$10.run(HttpURLConnection.java:1977)
at java.base/java.security.AccessController.doPrivileged(AccessController.java:554)
at java.base/sun.net.www.protocol.http.HttpURLConnection.getChainedException(HttpURLConnection.java:1976)
at java.base/sun.net.www.protocol.http.HttpURLConnection.getInputStream0(HttpURLConnection.java:1544)
at java.base/sun.net.www.protocol.http.HttpURLConnection.getInputStream(HttpURLConnection.java:1528)
at java.base/java.net.HttpURLConnection.getResponseCode(HttpURLConnection.java:527)
at java.base/sun.net.www.protocol.https.HttpsURLConnectionImpl.getResponseCode(HttpsURLConnectionImpl.java:308)
at io.cucumber.core.plugin.UrlOutputStream.getResponseBody(UrlOutputStream.java:111)
at io.cucumber.core.plugin.UrlOutputStream.sendRequest(UrlOutputStream.java:83)
at io.cucumber.core.plugin.UrlOutputStream.close(UrlOutputStream.java:63)
at java.base/sun.nio.cs.StreamEncoder.implClose(StreamEncoder.java:353)
at java.base/sun.nio.cs.StreamEncoder.close(StreamEncoder.java:168)
at java.base/java.io.OutputStreamWriter.close(OutputStreamWriter.java:255)
at io.cucumber.core.plugin.MessageFormatter.writeMessage(MessageFormatter.java:33)
... 34 more
Caused by: java.net.UnknownHostException: messages.cucumber.io
at java.base/sun.nio.ch.NioSocketImpl.connect(NioSocketImpl.java:567)
at java.base/java.net.SocksSocketImpl.connect(SocksSocketImpl.java:333)
at java.base/java.net.Socket.connect(Socket.java:648)
at java.base/sun.security.ssl.SSLSocketImpl.connect(SSLSocketImpl.java:290)
at java.base/sun.security.ssl.BaseSSLSocketImpl.connect(BaseSSLSocketImpl.java:173)
at java.base/sun.net.NetworkClient.doConnect(NetworkClient.java:182)
at java.base/sun.net.www.http.HttpClient.openServer(HttpClient.java:474)
at java.base/sun.net.www.http.HttpClient.openServer(HttpClient.java:569)
at java.base/sun.net.www.protocol.https.HttpsClient.<init>(HttpsClient.java:265)
at java.base/sun.net.www.protocol.https.HttpsClient.New(HttpsClient.java:372)
at java.base/sun.net.www.protocol.https.AbstractDelegateHttpsURLConnection.getNewHttpClient(AbstractDelegateHttpsURLConnection.java:189)
at java.base/sun.net.www.protocol.http.HttpURLConnection.plainConnect0(HttpURLConnection.java:1194)
at java.base/sun.net.www.protocol.http.HttpURLConnection.plainConnect(HttpURLConnection.java:1082)
at java.base/sun.net.www.protocol.https.AbstractDelegateHttpsURLConnection.connect(AbstractDelegateHttpsURLConnection.java:175)
at java.base/sun.net.www.protocol.http.HttpURLConnection.getInputStream0(HttpURLConnection.java:1600)
at java.base/sun.net.www.protocol.http.HttpURLConnection.getInputStream(HttpURLConnection.java:1528)
at java.base/sun.net.www.protocol.http.HttpURLConnection.getHeaderFields(HttpURLConnection.java:3152)
at java.base/sun.net.www.protocol.https.HttpsURLConnectionImpl.getHeaderFields(HttpsURLConnectionImpl.java:253)
at io.cucumber.core.plugin.UrlOutputStream.getResponseBody(UrlOutputStream.java:110)
... 40 more
... Removed 29 stack frames]]>
    </failure>
  </testcase> <!-- null -->
</testsuite>
